java.lang.NullPointerException: Cannot invoke "java.util.Map.values()" because "this.timeEntries" is null
	at app.controllers.DayViewController.updateRemainingHoursLabelData(DayViewController.java:656)
	at app.controllers.DayViewController.lambda$initialize$2(DayViewController.java:84)
	at javafx.base@20/com.sun.javafx.binding.ExpressionHelper$Generic.fireValueChangedEvent(ExpressionHelper.java:360)
	at javafx.base@20/com.sun.javafx.binding.ExpressionHelper.fireValueChangedEvent(ExpressionHelper.java:80)
	at javafx.controls@20/javafx.scene.control.TextInputControl$TextProperty.fireValueChangedEvent(TextInputControl.java:1458)
	at javafx.controls@20/javafx.scene.control.TextInputControl$TextProperty.markInvalid(TextInputControl.java:1462)
	at javafx.controls@20/javafx.scene.control.TextInputControl$TextProperty.controlContentHasChanged(TextInputControl.java:1401)
	at javafx.controls@20/javafx.scene.control.TextInputControl.lambda$new$0(TextInputControl.java:145)
	at javafx.base@20/com.sun.javafx.binding.ExpressionHelper$SingleInvalidation.fireValueChangedEvent(ExpressionHelper.java:136)
	at javafx.base@20/com.sun.javafx.binding.ExpressionHelper.fireValueChangedEvent(ExpressionHelper.java:80)
	at javafx.controls@20/javafx.scene.control.TextField$TextFieldContent.insert(TextField.java:91)
	at javafx.controls@20/javafx.scene.control.TextInputControl.replaceText(TextInputControl.java:1263)
	at javafx.controls@20/javafx.scene.control.TextInputControl.filterAndSet(TextInputControl.java:1228)
	at javafx.controls@20/javafx.scene.control.TextInputControl$TextProperty.doSet(TextInputControl.java:1479)
	at javafx.controls@20/javafx.scene.control.TextInputControl$TextProperty.set(TextInputControl.java:1392)
	at javafx.controls@20/javafx.scene.control.TextInputControl.setText(TextInputControl.java:360)
	at app.controllers.DayViewController.setDayData(DayViewController.java:178)
	at app.controllers.CalendarController.showDayView(CalendarController.java:145)
	at app.controllers.CalendarController.lambda$addCalendarCell$0(CalendarController.java:457)
	at javafx.base@20/com.sun.javafx.event.CompositeEventHandler.dispatchBubblingEvent(CompositeEventHandler.java:86)
	at javafx.base@20/com.sun.javafx.event.EventHandlerManager.dispatchBubblingEvent(EventHandlerManager.java:232)
	at javafx.base@20/com.sun.javafx.event.EventHandlerManager.dispatchBubblingEvent(EventHandlerManager.java:189)
	at javafx.base@20/com.sun.javafx.event.CompositeEventDispatcher.dispatchBubblingEvent(CompositeEventDispatcher.java:59)
	at javafx.base@20/com.sun.javafx.event.BasicEventDispatcher.dispatchEvent(BasicEventDispatcher.java:58)
	at javafx.base@20/com.sun.javafx.event.EventDispatchChainImpl.dispatchEvent(EventDispatchChainImpl.java:114)
	at javafx.base@20/com.sun.javafx.event.BasicEventDispatcher.dispatchEvent(BasicEventDispatcher.java:56)
	at javafx.base@20/com.sun.javafx.event.EventDispatchChainImpl.dispatchEvent(EventDispatchChainImpl.java:114)
	at javafx.base@20/com.sun.javafx.event.BasicEventDispatcher.dispatchEvent(BasicEventDispatcher.java:56)
	at javafx.base@20/com.sun.javafx.event.EventDispatchChainImpl.dispatchEvent(EventDispatchChainImpl.java:114)
	at javafx.base@20/com.sun.javafx.event.EventUtil.fireEventImpl(EventUtil.java:74)
	at javafx.base@20/com.sun.javafx.event.EventUtil.fireEvent(EventUtil.java:54)
	at javafx.base@20/javafx.event.Event.fireEvent(Event.java:198)
	at javafx.graphics@20/javafx.scene.Scene$ClickGenerator.postProcess(Scene.java:3684)
	at javafx.graphics@20/javafx.scene.Scene$MouseHandler.process(Scene.java:3989)
	at javafx.graphics@20/javafx.scene.Scene.processMouseEvent(Scene.java:1890)
	at javafx.graphics@20/javafx.scene.Scene$ScenePeerListener.mouseEvent(Scene.java:2704)
	at javafx.graphics@20/com.sun.javafx.tk.quantum.GlassViewEventHandler$MouseEventNotification.run(GlassViewEventHandler.java:411)
	at javafx.graphics@20/com.sun.javafx.tk.quantum.GlassViewEventHandler$MouseEventNotification.run(GlassViewEventHandler.java:301)
	at java.base/java.security.AccessController.doPrivileged(AccessController.java:400)
	at javafx.graphics@20/com.sun.javafx.tk.quantum.GlassViewEventHandler.lambda$handleMouseEvent$2(GlassViewEventHandler.java:450)
	at javafx.graphics@20/com.sun.javafx.tk.quantum.QuantumToolkit.runWithoutRenderLock(QuantumToolkit.java:424)
	at javafx.graphics@20/com.sun.javafx.tk.quantum.GlassViewEventHandler.handleMouseEvent(GlassViewEventHandler.java:449)
	at javafx.graphics@20/com.sun.glass.ui.View.handleMouseEvent(View.java:551)
	at javafx.graphics@20/com.sun.glass.ui.View.notifyMouse(View.java:937)
	at javafx.graphics@20/com.sun.glass.ui.win.WinApplication._runLoop(Native Method)
	at javafx.graphics@20/com.sun.glass.ui.win.WinApplication.lambda$runLoop$3(WinApplication.java:185)
	at java.base/java.lang.Thread.run(Thread.java:1575)
